<?xml version="1.0" encoding="UTF-8"?>
<!-- Generated by org.testng.reporters.JUnitReportReporter -->
<testsuite hostname="BLD" failures="0" tests="1" name="testing.api.test.RestAPIDeleteTest" time="0.275" errors="0" timestamp="2023-03-28T12:56:51 EDT" skipped="0">
  <testcase classname="testing.api.test.RestAPIDeleteTest" name="RestAPIConnectionTest" time="0.275"/>
  <system-out/>
</testsuite> <!-- testing.api.test.RestAPIDeleteTest -->
