<?xml version="1.0" encoding="UTF-8"?>
<!-- Generated by org.testng.reporters.JUnitReportReporter -->
<testsuite hostname="BLD" failures="0" tests="1" name="testing.api.test.RestAPITest" time="0.391" errors="0" timestamp="2023-03-28T10:38:42 EDT" skipped="0">
  <testcase classname="testing.api.test.RestAPITest" name="RestAPIConnectionTest" time="0.391"/>
  <system-out/>
</testsuite> <!-- testing.api.test.RestAPITest -->
